Error fetching measurement aggregates: Error: Vutility API error: 404 Not Found
    at getMeasurementAggregates (/home/ubuntu/super-connector/src/utils/vutility/getMeasurementAggregates.js:118:19)
    at process.processTicksAndRejections (node:internal/process/task_queues:95:5)
    at async getVutilityMeasurementAggregates (/home/ubuntu/super-connector/src/utils/vutility/getMeasurementAggregates.js:393:28)
Error fetching measurement aggregates: Error: Vutility API error: 404 Not Found
    at getMeasurementAggregates (/home/ubuntu/super-connector/src/utils/vutility/getMeasurementAggregates.js:118:19)
    at process.processTicksAndRejections (node:internal/process/task_queues:95:5)
    at async getVutilityMeasurementAggregates (/home/ubuntu/super-connector/src/utils/vutility/getMeasurementAggregates.js:393:28)
Expected JSON but got: <!DOCTYPE HTML PUBLIC "-//W3C//DTD HTML 4.01 Transitional//EN" "http://www.w3.org/TR/html4/loose.dtd">
<HTML><HEAD><META HTTP-EQUIV="Content-Type" CONTENT="text/html; charset=iso-8859-1">
<TITLE>ERROR: The request could not be satisfied</TITLE>
</HEAD><BODY>
<H1>504 Gateway Timeout ERROR</H1>
<H2>The request could not be satisfied.</H2>
<HR noshade size="1px">
We can't connect to the server for this app or website at this time. There might be too much traffic or a configuration error. Try again later, or contact the app or website owner.
<BR clear="all">
If you provide content to customers through CloudFront, you can find steps to troubleshoot and help prevent this error by reviewing the CloudFront documentation.
<BR clear="all">
<HR noshade size="1px">
<PRE>
Generated by cloudfront (CloudFront) HTTP3 Server
Request ID: sid9HrmyRsZNV9p2WqATnw_vEQtb5RqwEYR4Jb4FUycJ2wCyu3AYsw&#x3D;&#x3D;
</PRE>
<ADDRESS>
</ADDRESS>
</BODY></HTML>
Error fetching measurement aggregates: Error: Vutility API error: 404 Not Found
    at getMeasurementAggregates (/home/ubuntu/super-connector/src/utils/vutility/getMeasurementAggregates.js:118:19)
    at process.processTicksAndRejections (node:internal/process/task_queues:95:5)
    at async getVutilityMeasurementAggregates (/home/ubuntu/super-connector/src/utils/vutility/getMeasurementAggregates.js:393:28)
Error fetching measurement aggregates: Error: Vutility API error: 404 Not Found
    at getMeasurementAggregates (/home/ubuntu/super-connector/src/utils/vutility/getMeasurementAggregates.js:118:19)
    at process.processTicksAndRejections (node:internal/process/task_queues:95:5)
    at async getVutilityMeasurementAggregates (/home/ubuntu/super-connector/src/utils/vutility/getMeasurementAggregates.js:393:28)
Error fetching measurement aggregates: Error: Vutility API error: 404 Not Found
    at getMeasurementAggregates (/home/ubuntu/super-connector/src/utils/vutility/getMeasurementAggregates.js:118:19)
    at process.processTicksAndRejections (node:internal/process/task_queues:95:5)
    at async getVutilityMeasurementAggregates (/home/ubuntu/super-connector/src/utils/vutility/getMeasurementAggregates.js:393:28)
Error fetching measurement aggregates: Error: Vutility API error: 404 Not Found
    at getMeasurementAggregates (/home/ubuntu/super-connector/src/utils/vutility/getMeasurementAggregates.js:118:19)
    at process.processTicksAndRejections (node:internal/process/task_queues:95:5)
    at async getVutilityMeasurementAggregates (/home/ubuntu/super-connector/src/utils/vutility/getMeasurementAggregates.js:393:28)
Error fetching measurement aggregates: Error: Vutility API error: 404 Not Found
    at getMeasurementAggregates (/home/ubuntu/super-connector/src/utils/vutility/getMeasurementAggregates.js:118:19)
    at process.processTicksAndRejections (node:internal/process/task_queues:95:5)
    at async getVutilityMeasurementAggregates (/home/ubuntu/super-connector/src/utils/vutility/getMeasurementAggregates.js:393:28)
Error fetching measurement aggregates: Error: Vutility API error: 404 Not Found
    at getMeasurementAggregates (/home/ubuntu/super-connector/src/utils/vutility/getMeasurementAggregates.js:118:19)
    at process.processTicksAndRejections (node:internal/process/task_queues:95:5)
    at async getVutilityMeasurementAggregates (/home/ubuntu/super-connector/src/utils/vutility/getMeasurementAggregates.js:393:28)
Expected JSON but got: <!DOCTYPE HTML PUBLIC "-//W3C//DTD HTML 4.01 Transitional//EN" "http://www.w3.org/TR/html4/loose.dtd">
<HTML><HEAD><META HTTP-EQUIV="Content-Type" CONTENT="text/html; charset=iso-8859-1">
<TITLE>ERROR: The request could not be satisfied</TITLE>
</HEAD><BODY>
<H1>504 Gateway Timeout ERROR</H1>
<H2>The request could not be satisfied.</H2>
<HR noshade size="1px">
We can't connect to the server for this app or website at this time. There might be too much traffic or a configuration error. Try again later, or contact the app or website owner.
<BR clear="all">
If you provide content to customers through CloudFront, you can find steps to troubleshoot and help prevent this error by reviewing the CloudFront documentation.
<BR clear="all">
<HR noshade size="1px">
<PRE>
Generated by cloudfront (CloudFront) HTTP3 Server
Request ID: cqR9WM4NSxAVFQ_Kb7UmiunXwMjGFL_PW5ysduU552J9SCoCj5ZPoQ&#x3D;&#x3D;
</PRE>
<ADDRESS>
</ADDRESS>
</BODY></HTML>
Expected JSON but got: <!DOCTYPE HTML PUBLIC "-//W3C//DTD HTML 4.01 Transitional//EN" "http://www.w3.org/TR/html4/loose.dtd">
<HTML><HEAD><META HTTP-EQUIV="Content-Type" CONTENT="text/html; charset=iso-8859-1">
<TITLE>ERROR: The request could not be satisfied</TITLE>
</HEAD><BODY>
<H1>504 Gateway Timeout ERROR</H1>
<H2>The request could not be satisfied.</H2>
<HR noshade size="1px">
We can't connect to the server for this app or website at this time. There might be too much traffic or a configuration error. Try again later, or contact the app or website owner.
<BR clear="all">
If you provide content to customers through CloudFront, you can find steps to troubleshoot and help prevent this error by reviewing the CloudFront documentation.
<BR clear="all">
<HR noshade size="1px">
<PRE>
Generated by cloudfront (CloudFront) HTTP3 Server
Request ID: gFIcfZXivkAs6QaKUI-KetW_4SXlcN9X5TcXFg1wD66oHUIzaPSTlQ&#x3D;&#x3D;
</PRE>
<ADDRESS>
</ADDRESS>
</BODY></HTML>
Error fetching measurement aggregates: Error: Vutility API error: 404 Not Found
    at getMeasurementAggregates (/home/ubuntu/super-connector/src/utils/vutility/getMeasurementAggregates.js:118:19)
    at process.processTicksAndRejections (node:internal/process/task_queues:95:5)
    at async getVutilityMeasurementAggregates (/home/ubuntu/super-connector/src/utils/vutility/getMeasurementAggregates.js:393:28)
Error fetching measurement aggregates: Error: Vutility API error: 404 Not Found
    at getMeasurementAggregates (/home/ubuntu/super-connector/src/utils/vutility/getMeasurementAggregates.js:118:19)
    at process.processTicksAndRejections (node:internal/process/task_queues:95:5)
    at async getVutilityMeasurementAggregates (/home/ubuntu/super-connector/src/utils/vutility/getMeasurementAggregates.js:393:28)
Error fetching measurement aggregates: Error: Vutility API error: 404 Not Found
    at getMeasurementAggregates (/home/ubuntu/super-connector/src/utils/vutility/getMeasurementAggregates.js:118:19)
    at process.processTicksAndRejections (node:internal/process/task_queues:95:5)
    at async getVutilityMeasurementAggregates (/home/ubuntu/super-connector/src/utils/vutility/getMeasurementAggregates.js:393:28)
Error fetching measurement aggregates: Error: Vutility API error: 404 Not Found
    at getMeasurementAggregates (/home/ubuntu/super-connector/src/utils/vutility/getMeasurementAggregates.js:118:19)
    at process.processTicksAndRejections (node:internal/process/task_queues:95:5)
    at async getVutilityMeasurementAggregates (/home/ubuntu/super-connector/src/utils/vutility/getMeasurementAggregates.js:393:28)
Error fetching measurement aggregates: Error: Vutility API error: 404 Not Found
    at getMeasurementAggregates (/home/ubuntu/super-connector/src/utils/vutility/getMeasurementAggregates.js:118:19)
    at process.processTicksAndRejections (node:internal/process/task_queues:95:5)
    at async getVutilityMeasurementAggregates (/home/ubuntu/super-connector/src/utils/vutility/getMeasurementAggregates.js:393:28)
Error fetching measurement aggregates: Error: Vutility API error: 404 Not Found
    at getMeasurementAggregates (/home/ubuntu/super-connector/src/utils/vutility/getMeasurementAggregates.js:118:19)
    at process.processTicksAndRejections (node:internal/process/task_queues:95:5)
    at async getVutilityMeasurementAggregates (/home/ubuntu/super-connector/src/utils/vutility/getMeasurementAggregates.js:393:28)
Error fetching measurement aggregates: Error: Vutility API error: 404 Not Found
    at getMeasurementAggregates (/home/ubuntu/super-connector/src/utils/vutility/getMeasurementAggregates.js:118:19)
    at process.processTicksAndRejections (node:internal/process/task_queues:95:5)
    at async getVutilityMeasurementAggregates (/home/ubuntu/super-connector/src/utils/vutility/getMeasurementAggregates.js:393:28)
Error fetching measurement aggregates: Error: Vutility API error: 404 Not Found
    at getMeasurementAggregates (/home/ubuntu/super-connector/src/utils/vutility/getMeasurementAggregates.js:118:19)
    at process.processTicksAndRejections (node:internal/process/task_queues:95:5)
    at async getVutilityMeasurementAggregates (/home/ubuntu/super-connector/src/utils/vutility/getMeasurementAggregates.js:393:28)
Error fetching measurement aggregates: Error: Vutility API error: 404 Not Found
    at getMeasurementAggregates (/home/ubuntu/super-connector/src/utils/vutility/getMeasurementAggregates.js:118:19)
    at process.processTicksAndRejections (node:internal/process/task_queues:95:5)
    at async getVutilityMeasurementAggregates (/home/ubuntu/super-connector/src/utils/vutility/getMeasurementAggregates.js:393:28)
Error fetching measurement aggregates: Error: Vutility API error: 404 Not Found
    at getMeasurementAggregates (/home/ubuntu/super-connector/src/utils/vutility/getMeasurementAggregates.js:118:19)
    at process.processTicksAndRejections (node:internal/process/task_queues:95:5)
    at async getVutilityMeasurementAggregates (/home/ubuntu/super-connector/src/utils/vutility/getMeasurementAggregates.js:393:28)
Error fetching measurement aggregates: Error: Vutility API error: 404 Not Found
    at getMeasurementAggregates (/home/ubuntu/super-connector/src/utils/vutility/getMeasurementAggregates.js:118:19)
    at process.processTicksAndRejections (node:internal/process/task_queues:95:5)
    at async getVutilityMeasurementAggregates (/home/ubuntu/super-connector/src/utils/vutility/getMeasurementAggregates.js:393:28)
Error fetching measurement aggregates: Error: Vutility API error: 404 Not Found
    at getMeasurementAggregates (/home/ubuntu/super-connector/src/utils/vutility/getMeasurementAggregates.js:118:19)
    at process.processTicksAndRejections (node:internal/process/task_queues:95:5)
    at async getVutilityMeasurementAggregates (/home/ubuntu/super-connector/src/utils/vutility/getMeasurementAggregates.js:393:28)
Error fetching measurement aggregates: Error: Vutility API error: 404 Not Found
    at getMeasurementAggregates (/home/ubuntu/super-connector/src/utils/vutility/getMeasurementAggregates.js:118:19)
    at process.processTicksAndRejections (node:internal/process/task_queues:95:5)
    at async getVutilityMeasurementAggregates (/home/ubuntu/super-connector/src/utils/vutility/getMeasurementAggregates.js:393:28)
Error fetching measurement aggregates: Error: Vutility API error: 404 Not Found
    at getMeasurementAggregates (/home/ubuntu/super-connector/src/utils/vutility/getMeasurementAggregates.js:118:19)
    at process.processTicksAndRejections (node:internal/process/task_queues:95:5)
    at async getVutilityMeasurementAggregates (/home/ubuntu/super-connector/src/utils/vutility/getMeasurementAggregates.js:393:28)
Error fetching measurement aggregates: Error: Vutility API error: 404 Not Found
    at getMeasurementAggregates (/home/ubuntu/super-connector/src/utils/vutility/getMeasurementAggregates.js:118:19)
    at process.processTicksAndRejections (node:internal/process/task_queues:95:5)
    at async getVutilityMeasurementAggregates (/home/ubuntu/super-connector/src/utils/vutility/getMeasurementAggregates.js:393:28)
Error fetching measurement aggregates: Error: Vutility API error: 404 Not Found
    at getMeasurementAggregates (/home/ubuntu/super-connector/src/utils/vutility/getMeasurementAggregates.js:118:19)
    at process.processTicksAndRejections (node:internal/process/task_queues:95:5)
    at async getVutilityMeasurementAggregates (/home/ubuntu/super-connector/src/utils/vutility/getMeasurementAggregates.js:393:28)
Error fetching measurement aggregates: Error: Vutility API error: 404 Not Found
    at getMeasurementAggregates (/home/ubuntu/super-connector/src/utils/vutility/getMeasurementAggregates.js:118:19)
    at process.processTicksAndRejections (node:internal/process/task_queues:95:5)
    at async getVutilityMeasurementAggregates (/home/ubuntu/super-connector/src/utils/vutility/getMeasurementAggregates.js:393:28)
Error fetching measurement aggregates: Error: Vutility API error: 404 Not Found
    at getMeasurementAggregates (/home/ubuntu/super-connector/src/utils/vutility/getMeasurementAggregates.js:118:19)
    at process.processTicksAndRejections (node:internal/process/task_queues:95:5)
    at async getVutilityMeasurementAggregates (/home/ubuntu/super-connector/src/utils/vutility/getMeasurementAggregates.js:393:28)
Error fetching measurement aggregates: Error: Vutility API error: 404 Not Found
    at getMeasurementAggregates (/home/ubuntu/super-connector/src/utils/vutility/getMeasurementAggregates.js:118:19)
    at process.processTicksAndRejections (node:internal/process/task_queues:95:5)
    at async getVutilityMeasurementAggregates (/home/ubuntu/super-connector/src/utils/vutility/getMeasurementAggregates.js:393:28)
Error fetching measurement aggregates: Error: Vutility API error: 404 Not Found
    at getMeasurementAggregates (/home/ubuntu/super-connector/src/utils/vutility/getMeasurementAggregates.js:118:19)
    at process.processTicksAndRejections (node:internal/process/task_queues:95:5)
    at async getVutilityMeasurementAggregates (/home/ubuntu/super-connector/src/utils/vutility/getMeasurementAggregates.js:393:28)
Error fetching measurement aggregates: Error: Vutility API error: 404 Not Found
    at getMeasurementAggregates (/home/ubuntu/super-connector/src/utils/vutility/getMeasurementAggregates.js:118:19)
    at process.processTicksAndRejections (node:internal/process/task_queues:95:5)
    at async getVutilityMeasurementAggregates (/home/ubuntu/super-connector/src/utils/vutility/getMeasurementAggregates.js:393:28)
Error fetching measurement aggregates: Error: Vutility API error: 404 Not Found
    at getMeasurementAggregates (/home/ubuntu/super-connector/src/utils/vutility/getMeasurementAggregates.js:118:19)
    at process.processTicksAndRejections (node:internal/process/task_queues:95:5)
    at async getVutilityMeasurementAggregates (/home/ubuntu/super-connector/src/utils/vutility/getMeasurementAggregates.js:393:28)
Error fetching measurement aggregates: Error: Vutility API error: 404 Not Found
    at getMeasurementAggregates (/home/ubuntu/super-connector/src/utils/vutility/getMeasurementAggregates.js:118:19)
    at process.processTicksAndRejections (node:internal/process/task_queues:95:5)
    at async getVutilityMeasurementAggregates (/home/ubuntu/super-connector/src/utils/vutility/getMeasurementAggregates.js:393:28)
Error fetching measurement aggregates: Error: Vutility API error: 404 Not Found
    at getMeasurementAggregates (/home/ubuntu/super-connector/src/utils/vutility/getMeasurementAggregates.js:118:19)
    at process.processTicksAndRejections (node:internal/process/task_queues:95:5)
    at async getVutilityMeasurementAggregates (/home/ubuntu/super-connector/src/utils/vutility/getMeasurementAggregates.js:393:28)
Error fetching measurement aggregates: Error: Vutility API error: 404 Not Found
    at getMeasurementAggregates (/home/ubuntu/super-connector/src/utils/vutility/getMeasurementAggregates.js:118:19)
    at process.processTicksAndRejections (node:internal/process/task_queues:95:5)
    at async getVutilityMeasurementAggregates (/home/ubuntu/super-connector/src/utils/vutility/getMeasurementAggregates.js:393:28)
Error fetching measurement aggregates: Error: Vutility API error: 404 Not Found
    at getMeasurementAggregates (/home/ubuntu/super-connector/src/utils/vutility/getMeasurementAggregates.js:118:19)
    at process.processTicksAndRejections (node:internal/process/task_queues:95:5)
    at async getVutilityMeasurementAggregates (/home/ubuntu/super-connector/src/utils/vutility/getMeasurementAggregates.js:393:28)
Error fetching measurement aggregates: Error: Vutility API error: 404 Not Found
    at getMeasurementAggregates (/home/ubuntu/super-connector/src/utils/vutility/getMeasurementAggregates.js:118:19)
    at process.processTicksAndRejections (node:internal/process/task_queues:95:5)
    at async getVutilityMeasurementAggregates (/home/ubuntu/super-connector/src/utils/vutility/getMeasurementAggregates.js:393:28)
Error fetching measurement aggregates: Error: Vutility API error: 404 Not Found
    at getMeasurementAggregates (/home/ubuntu/super-connector/src/utils/vutility/getMeasurementAggregates.js:118:19)
    at process.processTicksAndRejections (node:internal/process/task_queues:95:5)
    at async getVutilityMeasurementAggregates (/home/ubuntu/super-connector/src/utils/vutility/getMeasurementAggregates.js:393:28)
Error fetching measurement aggregates: Error: Vutility API error: 404 Not Found
    at getMeasurementAggregates (/home/ubuntu/super-connector/src/utils/vutility/getMeasurementAggregates.js:118:19)
    at process.processTicksAndRejections (node:internal/process/task_queues:95:5)
    at async getVutilityMeasurementAggregates (/home/ubuntu/super-connector/src/utils/vutility/getMeasurementAggregates.js:393:28)
Error fetching measurement aggregates: Error: Vutility API error: 404 Not Found
    at getMeasurementAggregates (/home/ubuntu/super-connector/src/utils/vutility/getMeasurementAggregates.js:118:19)
    at process.processTicksAndRejections (node:internal/process/task_queues:95:5)
    at async getVutilityMeasurementAggregates (/home/ubuntu/super-connector/src/utils/vutility/getMeasurementAggregates.js:393:28)
Error: TypeError [ERR_INVALID_ARG_VALUE]: The argument 'encoding' is invalid for data of length 31. Received 'hex'
    at new NodeError (node:internal/errors:405:5)
    at validateEncoding (node:internal/validators:390:11)
    at Decipheriv.update (node:internal/crypto/cipher:180:5)
    at Object.decrypt (/home/ubuntu/super-connector/src/utils/encryptDecrypt.js:22:30)
    at Object.loginRadioBridge (/home/ubuntu/super-connector/src/utils/RadioBridge/login.js:7:30)
    at apiRadioBridgeLogin (/home/ubuntu/super-connector/src/controllers/radioBridgeController.js:29:53)
    at Layer.handle [as handle_request] (/home/ubuntu/super-connector/node_modules/express/lib/router/layer.js:95:5)
    at next (/home/ubuntu/super-connector/node_modules/express/lib/router/route.js:144:13)
    at /home/ubuntu/super-connector/src/middlewares/authMiddlewares.js:21:5
    at /home/ubuntu/super-connector/node_modules/jsonwebtoken/verify.js:261:12
    at getSecret (/home/ubuntu/super-connector/node_modules/jsonwebtoken/verify.js:97:14)
    at module.exports [as verify] (/home/ubuntu/super-connector/node_modules/jsonwebtoken/verify.js:101:10)
    at isAuthenticated (/home/ubuntu/super-connector/src/middlewares/authMiddlewares.js:9:7)
    at Layer.handle [as handle_request] (/home/ubuntu/super-connector/node_modules/express/lib/router/layer.js:95:5)
    at next (/home/ubuntu/super-connector/node_modules/express/lib/router/route.js:144:13)
    at Route.dispatch (/home/ubuntu/super-connector/node_modules/express/lib/router/route.js:114:3) {
  code: 'ERR_INVALID_ARG_VALUE'
}
Error fetching measurement aggregates: Error: Vutility API error: 404 Not Found
    at getMeasurementAggregates (/home/ubuntu/super-connector/src/utils/vutility/getMeasurementAggregates.js:118:19)
    at process.processTicksAndRejections (node:internal/process/task_queues:95:5)
    at async getVutilityMeasurementAggregates (/home/ubuntu/super-connector/src/utils/vutility/getMeasurementAggregates.js:393:28)
Error fetching measurement aggregates: Error: Vutility API error: 404 Not Found
    at getMeasurementAggregates (/home/ubuntu/super-connector/src/utils/vutility/getMeasurementAggregates.js:118:19)
    at process.processTicksAndRejections (node:internal/process/task_queues:95:5)
    at async getVutilityMeasurementAggregates (/home/ubuntu/super-connector/src/utils/vutility/getMeasurementAggregates.js:393:28)
Error fetching measurement aggregates: Error: Vutility API error: 404 Not Found
    at getMeasurementAggregates (/home/ubuntu/super-connector/src/utils/vutility/getMeasurementAggregates.js:118:19)
    at process.processTicksAndRejections (node:internal/process/task_queues:95:5)
    at async getVutilityMeasurementAggregates (/home/ubuntu/super-connector/src/utils/vutility/getMeasurementAggregates.js:393:28)
Error fetching measurement aggregates: Error: Vutility API error: 404 Not Found
    at getMeasurementAggregates (/home/ubuntu/super-connector/src/utils/vutility/getMeasurementAggregates.js:118:19)
    at process.processTicksAndRejections (node:internal/process/task_queues:95:5)
    at async getVutilityMeasurementAggregates (/home/ubuntu/super-connector/src/utils/vutility/getMeasurementAggregates.js:393:28)
Error fetching measurement aggregates: Error: Vutility API error: 404 Not Found
    at getMeasurementAggregates (/home/ubuntu/super-connector/src/utils/vutility/getMeasurementAggregates.js:118:19)
    at process.processTicksAndRejections (node:internal/process/task_queues:95:5)
    at async getVutilityMeasurementAggregates (/home/ubuntu/super-connector/src/utils/vutility/getMeasurementAggregates.js:393:28)
Error fetching measurement aggregates: Error: Vutility API error: 404 Not Found
    at getMeasurementAggregates (/home/ubuntu/super-connector/src/utils/vutility/getMeasurementAggregates.js:118:19)
    at process.processTicksAndRejections (node:internal/process/task_queues:95:5)
    at async getVutilityMeasurementAggregates (/home/ubuntu/super-connector/src/utils/vutility/getMeasurementAggregates.js:393:28)
Error fetching measurement aggregates: Error: Vutility API error: 404 Not Found
    at getMeasurementAggregates (/home/ubuntu/super-connector/src/utils/vutility/getMeasurementAggregates.js:118:19)
    at process.processTicksAndRejections (node:internal/process/task_queues:95:5)
    at async getVutilityMeasurementAggregates (/home/ubuntu/super-connector/src/utils/vutility/getMeasurementAggregates.js:393:28)
Error fetching measurement aggregates: Error: Vutility API error: 404 Not Found
    at getMeasurementAggregates (/home/ubuntu/super-connector/src/utils/vutility/getMeasurementAggregates.js:118:19)
    at process.processTicksAndRejections (node:internal/process/task_queues:95:5)
    at async getVutilityMeasurementAggregates (/home/ubuntu/super-connector/src/utils/vutility/getMeasurementAggregates.js:393:28)
Error fetching measurement aggregates: Error: Vutility API error: 404 Not Found
    at getMeasurementAggregates (/home/ubuntu/super-connector/src/utils/vutility/getMeasurementAggregates.js:118:19)
    at process.processTicksAndRejections (node:internal/process/task_queues:95:5)
    at async getVutilityMeasurementAggregates (/home/ubuntu/super-connector/src/utils/vutility/getMeasurementAggregates.js:393:28)
Error fetching measurement aggregates: Error: Vutility API error: 404 Not Found
    at getMeasurementAggregates (/home/ubuntu/super-connector/src/utils/vutility/getMeasurementAggregates.js:118:19)
    at process.processTicksAndRejections (node:internal/process/task_queues:95:5)
    at async getVutilityMeasurementAggregates (/home/ubuntu/super-connector/src/utils/vutility/getMeasurementAggregates.js:393:28)
Error fetching measurement aggregates: Error: Vutility API error: 404 Not Found
    at getMeasurementAggregates (/home/ubuntu/super-connector/src/utils/vutility/getMeasurementAggregates.js:118:19)
    at process.processTicksAndRejections (node:internal/process/task_queues:95:5)
    at async getVutilityMeasurementAggregates (/home/ubuntu/super-connector/src/utils/vutility/getMeasurementAggregates.js:393:28)
Error fetching measurement aggregates: Error: Vutility API error: 404 Not Found
    at getMeasurementAggregates (/home/ubuntu/super-connector/src/utils/vutility/getMeasurementAggregates.js:118:19)
    at process.processTicksAndRejections (node:internal/process/task_queues:95:5)
    at async getVutilityMeasurementAggregates (/home/ubuntu/super-connector/src/utils/vutility/getMeasurementAggregates.js:393:28)
Expected JSON but got: <html>
<head><title>502 Bad Gateway</title></head>
<body>
<center><h1>502 Bad Gateway</h1></center>
<hr><center>nginx</center>
</body>
</html>

Expected JSON but got: <html>
<head><title>503 Service Temporarily Unavailable</title></head>
<body>
<center><h1>503 Service Temporarily Unavailable</h1></center>
<hr><center>nginx</center>
</body>
</html>

Expected JSON but got: <html>
<head><title>503 Service Temporarily Unavailable</title></head>
<body>
<center><h1>503 Service Temporarily Unavailable</h1></center>
<hr><center>nginx</center>
</body>
</html>

Expected JSON but got: <html>
<head><title>503 Service Temporarily Unavailable</title></head>
<body>
<center><h1>503 Service Temporarily Unavailable</h1></center>
<hr><center>nginx</center>
</body>
</html>

Expected JSON but got: <html>
<head><title>503 Service Temporarily Unavailable</title></head>
<body>
<center><h1>503 Service Temporarily Unavailable</h1></center>
<hr><center>nginx</center>
</body>
</html>

Expected JSON but got: <html>
<head><title>503 Service Temporarily Unavailable</title></head>
<body>
<center><h1>503 Service Temporarily Unavailable</h1></center>
<hr><center>nginx</center>
</body>
</html>

Expected JSON but got: <html>
<head><title>503 Service Temporarily Unavailable</title></head>
<body>
<center><h1>503 Service Temporarily Unavailable</h1></center>
<hr><center>nginx</center>
</body>
</html>

Expected JSON but got: <html>
<head><title>503 Service Temporarily Unavailable</title></head>
<body>
<center><h1>503 Service Temporarily Unavailable</h1></center>
<hr><center>nginx</center>
</body>
</html>

Expected JSON but got: <html>
<head><title>503 Service Temporarily Unavailable</title></head>
<body>
<center><h1>503 Service Temporarily Unavailable</h1></center>
<hr><center>nginx</center>
</body>
</html>

Error fetching measurement aggregates: Error: Vutility API error: 404 Not Found
    at getMeasurementAggregates (/home/ubuntu/super-connector/src/utils/vutility/getMeasurementAggregates.js:118:19)
    at process.processTicksAndRejections (node:internal/process/task_queues:95:5)
    at async getVutilityMeasurementAggregates (/home/ubuntu/super-connector/src/utils/vutility/getMeasurementAggregates.js:393:28)
Error fetching measurement aggregates: Error: Vutility API error: 404 Not Found
    at getMeasurementAggregates (/home/ubuntu/super-connector/src/utils/vutility/getMeasurementAggregates.js:118:19)
    at process.processTicksAndRejections (node:internal/process/task_queues:95:5)
    at async getVutilityMeasurementAggregates (/home/ubuntu/super-connector/src/utils/vutility/getMeasurementAggregates.js:393:28)
Error adding user to MaintainX: Error: [{"field":"extraFields","message":"You do not have the permission to add custom fields to that user. The user was still created with the following ID: 19115.","value":""}]
    at Object.addMaintainxUser (/home/ubuntu/super-connector/src/utils/MaintainxTokenUtils.js:1119:15)
    at process.processTicksAndRejections (node:internal/process/task_queues:95:5)
    at async apiRegisterMaintainxUser (/home/ubuntu/super-connector/src/controllers/maintainxTeamController.js:404:13)
Error registering user: Error: [{"field":"extraFields","message":"You do not have the permission to add custom fields to that user. The user was still created with the following ID: 19115.","value":""}]
    at Object.addMaintainxUser (/home/ubuntu/super-connector/src/utils/MaintainxTokenUtils.js:1119:15)
    at process.processTicksAndRejections (node:internal/process/task_queues:95:5)
    at async apiRegisterMaintainxUser (/home/ubuntu/super-connector/src/controllers/maintainxTeamController.js:404:13)
Error fetching measurement aggregates: Error: Vutility API error: 404 Not Found
    at getMeasurementAggregates (/home/ubuntu/super-connector/src/utils/vutility/getMeasurementAggregates.js:118:19)
    at process.processTicksAndRejections (node:internal/process/task_queues:95:5)
    at async getVutilityMeasurementAggregates (/home/ubuntu/super-connector/src/utils/vutility/getMeasurementAggregates.js:393:28)
Error fetching measurement aggregates: Error: Vutility API error: 404 Not Found
    at getMeasurementAggregates (/home/ubuntu/super-connector/src/utils/vutility/getMeasurementAggregates.js:118:19)
    at process.processTicksAndRejections (node:internal/process/task_queues:95:5)
    at async getVutilityMeasurementAggregates (/home/ubuntu/super-connector/src/utils/vutility/getMeasurementAggregates.js:393:28)
